serial.write(*(b'\r\x03\x03',), **{}) = 3
serial.inWaiting(*(), **{}) = 2
serial.read(*(2,), **{}) = b'\r\n'
serial.inWaiting(*(), **{}) = 0
serial.write(*(b'\r\x01',), **{}) = 2
serial.read(*(1,), **{}) = b'>'
serial.inWaiting(*(), **{}) = 3
serial.read(*(1,), **{}) = b'>'
serial.inWaiting(*(), **{}) = 2
serial.read(*(1,), **{}) = b'>'
serial.inWaiting(*(), **{}) = 1
serial.read(*(1,), **{}) = b' '
serial.inWaiting(*(), **{}) = 0
serial.inWaiting(*(), **{}) = 20
serial.read(*(1,), **{}) = b'\r'
serial.inWaiting(*(), **{}) = 19
serial.read(*(1,), **{}) = b'\n'
serial.inWaiting(*(), **{}) = 18
serial.read(*(1,), **{}) = b'>'
serial.inWaiting(*(), **{}) = 17
serial.read(*(1,), **{}) = b'>'
serial.inWaiting(*(), **{}) = 16
serial.read(*(1,), **{}) = b'>'
serial.inWaiting(*(), **{}) = 15
serial.read(*(1,), **{}) = b' '
serial.inWaiting(*(), **{}) = 14
serial.read(*(1,), **{}) = b'\r'
serial.inWaiting(*(), **{}) = 13
serial.read(*(1,), **{}) = b'\n'
serial.inWaiting(*(), **{}) = 12
serial.read(*(1,), **{}) = b'>'
serial.inWaiting(*(), **{}) = 11
serial.read(*(1,), **{}) = b'>'
serial.inWaiting(*(), **{}) = 10
serial.read(*(1,), **{}) = b'>'
serial.inWaiting(*(), **{}) = 9
serial.read(*(1,), **{}) = b' '
serial.inWaiting(*(), **{}) = 8
serial.read(*(1,), **{}) = b'\r'
serial.inWaiting(*(), **{}) = 7
serial.read(*(1,), **{}) = b'\n'
serial.inWaiting(*(), **{}) = 6
serial.read(*(1,), **{}) = b'>'
serial.inWaiting(*(), **{}) = 5
serial.read(*(1,), **{}) = b'>'
serial.inWaiting(*(), **{}) = 4
serial.read(*(1,), **{}) = b'>'
serial.inWaiting(*(), **{}) = 3
serial.read(*(1,), **{}) = b' '
serial.inWaiting(*(), **{}) = 2
serial.read(*(1,), **{}) = b'\r'
serial.inWaiting(*(), **{}) = 1
serial.read(*(1,), **{}) = b'\n'
serial.inWaiting(*(), **{}) = 0
serial.inWaiting(*(), **{}) = 0
serial.inWaiting(*(), **{}) = 27
serial.read(*(1,), **{}) = b'r'
serial.inWaiting(*(), **{}) = 26
serial.read(*(1,), **{}) = b'a'
serial.inWaiting(*(), **{}) = 25
serial.read(*(1,), **{}) = b'w'
serial.inWaiting(*(), **{}) = 24
serial.read(*(1,), **{}) = b' '
serial.inWaiting(*(), **{}) = 23
serial.read(*(1,), **{}) = b'R'
serial.inWaiting(*(), **{}) = 22
serial.read(*(1,), **{}) = b'E'
serial.inWaiting(*(), **{}) = 21
serial.read(*(1,), **{}) = b'P'
serial.inWaiting(*(), **{}) = 20
serial.read(*(1,), **{}) = b'L'
serial.inWaiting(*(), **{}) = 19
serial.read(*(1,), **{}) = b';'
serial.inWaiting(*(), **{}) = 18
serial.read(*(1,), **{}) = b' '
serial.inWaiting(*(), **{}) = 17
serial.read(*(1,), **{}) = b'C'
serial.inWaiting(*(), **{}) = 16
serial.read(*(1,), **{}) = b'T'
serial.inWaiting(*(), **{}) = 15
serial.read(*(1,), **{}) = b'R'
serial.inWaiting(*(), **{}) = 14
serial.read(*(1,), **{}) = b'L'
serial.inWaiting(*(), **{}) = 13
serial.read(*(1,), **{}) = b'-'
serial.inWaiting(*(), **{}) = 12
serial.read(*(1,), **{}) = b'B'
serial.inWaiting(*(), **{}) = 11
serial.read(*(1,), **{}) = b' '
serial.inWaiting(*(), **{}) = 10
serial.read(*(1,), **{}) = b't'
serial.inWaiting(*(), **{}) = 9
serial.read(*(1,), **{}) = b'o'
serial.inWaiting(*(), **{}) = 8
serial.read(*(1,), **{}) = b' '
serial.inWaiting(*(), **{}) = 7
serial.read(*(1,), **{}) = b'e'
serial.inWaiting(*(), **{}) = 6
serial.read(*(1,), **{}) = b'x'
serial.inWaiting(*(), **{}) = 5
serial.read(*(1,), **{}) = b'i'
serial.inWaiting(*(), **{}) = 4
serial.read(*(1,), **{}) = b't'
serial.inWaiting(*(), **{}) = 3
serial.read(*(1,), **{}) = b'\r'
serial.inWaiting(*(), **{}) = 2
serial.read(*(1,), **{}) = b'\n'
serial.inWaiting(*(), **{}) = 1
serial.read(*(1,), **{}) = b'>'
serial.write(*(b'\x04',), **{}) = 1
serial.read(*(1,), **{}) = b'O'
serial.inWaiting(*(), **{}) = 1
serial.read(*(1,), **{}) = b'K'
serial.inWaiting(*(), **{}) = 0
serial.inWaiting(*(), **{}) = 2
serial.read(*(1,), **{}) = b'\r'
serial.inWaiting(*(), **{}) = 1
serial.read(*(1,), **{}) = b'\n'
serial.inWaiting(*(), **{}) = 0
serial.inWaiting(*(), **{}) = 100
serial.read(*(1,), **{}) = b's'
serial.inWaiting(*(), **{}) = 99
serial.read(*(1,), **{}) = b'o'
serial.inWaiting(*(), **{}) = 98
serial.read(*(1,), **{}) = b'f'
serial.inWaiting(*(), **{}) = 97
serial.read(*(1,), **{}) = b't'
serial.inWaiting(*(), **{}) = 96
serial.read(*(1,), **{}) = b' '
serial.inWaiting(*(), **{}) = 95
serial.read(*(1,), **{}) = b'r'
serial.inWaiting(*(), **{}) = 94
serial.read(*(1,), **{}) = b'e'
serial.inWaiting(*(), **{}) = 93
serial.read(*(1,), **{}) = b'b'
serial.inWaiting(*(), **{}) = 92
serial.read(*(1,), **{}) = b'o'
serial.inWaiting(*(), **{}) = 91
serial.read(*(1,), **{}) = b'o'
serial.inWaiting(*(), **{}) = 90
serial.read(*(1,), **{}) = b't'
serial.inWaiting(*(), **{}) = 89
serial.read(*(1,), **{}) = b'\r'
serial.inWaiting(*(), **{}) = 88
serial.read(*(1,), **{}) = b'\n'
serial.write(*(b'\x03',), **{}) = 1
serial.write(*(b'\x03',), **{}) = 1
serial.read(*(1,), **{}) = b'\r'
serial.inWaiting(*(), **{}) = 200
serial.read(*(1,), **{}) = b'\n'
serial.inWaiting(*(), **{}) = 199
serial.read(*(1,), **{}) = b'A'
serial.inWaiting(*(), **{}) = 198
serial.read(*(1,), **{}) = b'u'
serial.inWaiting(*(), **{}) = 197
serial.read(*(1,), **{}) = b't'
serial.inWaiting(*(), **{}) = 222
serial.read(*(1,), **{}) = b'o'
serial.inWaiting(*(), **{}) = 221
serial.read(*(1,), **{}) = b'-'
serial.inWaiting(*(), **{}) = 220
serial.read(*(1,), **{}) = b'r'
serial.inWaiting(*(), **{}) = 219
serial.read(*(1,), **{}) = b'e'
serial.inWaiting(*(), **{}) = 218
serial.read(*(1,), **{}) = b'l'
serial.inWaiting(*(), **{}) = 217
serial.read(*(1,), **{}) = b'o'
serial.inWaiting(*(), **{}) = 217
serial.read(*(1,), **{}) = b'a'
serial.inWaiting(*(), **{}) = 216
serial.read(*(1,), **{}) = b'd'
serial.inWaiting(*(), **{}) = 215
serial.read(*(1,), **{}) = b' '
serial.inWaiting(*(), **{}) = 214
serial.read(*(1,), **{}) = b'i'
serial.inWaiting(*(), **{}) = 213
serial.read(*(1,), **{}) = b's'
serial.inWaiting(*(), **{}) = 212
serial.read(*(1,), **{}) = b' '
serial.inWaiting(*(), **{}) = 211
serial.read(*(1,), **{}) = b'o'
serial.inWaiting(*(), **{}) = 210
serial.read(*(1,), **{}) = b'n'
serial.inWaiting(*(), **{}) = 209
serial.read(*(1,), **{}) = b'.'
serial.inWaiting(*(), **{}) = 208
serial.read(*(1,), **{}) = b' '
serial.inWaiting(*(), **{}) = 207
serial.read(*(1,), **{}) = b'S'
serial.inWaiting(*(), **{}) = 206
serial.read(*(1,), **{}) = b'i'
serial.inWaiting(*(), **{}) = 205
serial.read(*(1,), **{}) = b'm'
serial.inWaiting(*(), **{}) = 204
serial.read(*(1,), **{}) = b'p'
serial.inWaiting(*(), **{}) = 203
serial.read(*(1,), **{}) = b'l'
serial.inWaiting(*(), **{}) = 202
serial.read(*(1,), **{}) = b'y'
serial.inWaiting(*(), **{}) = 201
serial.read(*(1,), **{}) = b' '
serial.inWaiting(*(), **{}) = 200
serial.read(*(1,), **{}) = b's'
serial.inWaiting(*(), **{}) = 199
serial.read(*(1,), **{}) = b'a'
serial.inWaiting(*(), **{}) = 198
serial.read(*(1,), **{}) = b'v'
serial.inWaiting(*(), **{}) = 197
serial.read(*(1,), **{}) = b'e'
serial.inWaiting(*(), **{}) = 196
serial.read(*(1,), **{}) = b' '
serial.inWaiting(*(), **{}) = 195
serial.read(*(1,), **{}) = b'f'
serial.inWaiting(*(), **{}) = 194
serial.read(*(1,), **{}) = b'i'
serial.inWaiting(*(), **{}) = 193
serial.read(*(1,), **{}) = b'l'
serial.inWaiting(*(), **{}) = 192
serial.read(*(1,), **{}) = b'e'
serial.inWaiting(*(), **{}) = 191
serial.read(*(1,), **{}) = b's'
serial.inWaiting(*(), **{}) = 190
serial.read(*(1,), **{}) = b' '
serial.inWaiting(*(), **{}) = 189
serial.read(*(1,), **{}) = b'o'
serial.inWaiting(*(), **{}) = 188
serial.read(*(1,), **{}) = b'v'
serial.inWaiting(*(), **{}) = 187
serial.read(*(1,), **{}) = b'e'
serial.inWaiting(*(), **{}) = 186
serial.read(*(1,), **{}) = b'r'
serial.inWaiting(*(), **{}) = 185
serial.read(*(1,), **{}) = b' '
serial.inWaiting(*(), **{}) = 184
serial.read(*(1,), **{}) = b'U'
serial.inWaiting(*(), **{}) = 183
serial.read(*(1,), **{}) = b'S'
serial.inWaiting(*(), **{}) = 182
serial.read(*(1,), **{}) = b'B'
serial.inWaiting(*(), **{}) = 181
serial.read(*(1,), **{}) = b' '
serial.inWaiting(*(), **{}) = 180
serial.read(*(1,), **{}) = b't'
serial.inWaiting(*(), **{}) = 179
serial.read(*(1,), **{}) = b'o'
serial.inWaiting(*(), **{}) = 178
serial.read(*(1,), **{}) = b' '
serial.inWaiting(*(), **{}) = 177
serial.read(*(1,), **{}) = b'r'
serial.inWaiting(*(), **{}) = 176
serial.read(*(1,), **{}) = b'u'
serial.inWaiting(*(), **{}) = 175
serial.read(*(1,), **{}) = b'n'
serial.inWaiting(*(), **{}) = 174
serial.read(*(1,), **{}) = b' '
serial.inWaiting(*(), **{}) = 173
serial.read(*(1,), **{}) = b't'
serial.inWaiting(*(), **{}) = 172
serial.read(*(1,), **{}) = b'h'
serial.inWaiting(*(), **{}) = 171
serial.read(*(1,), **{}) = b'e'
serial.inWaiting(*(), **{}) = 170
serial.read(*(1,), **{}) = b'm'
serial.inWaiting(*(), **{}) = 169
serial.read(*(1,), **{}) = b' '
serial.inWaiting(*(), **{}) = 168
serial.read(*(1,), **{}) = b'o'
serial.inWaiting(*(), **{}) = 167
serial.read(*(1,), **{}) = b'r'
serial.inWaiting(*(), **{}) = 166
serial.read(*(1,), **{}) = b' '
serial.inWaiting(*(), **{}) = 165
serial.read(*(1,), **{}) = b'e'
serial.inWaiting(*(), **{}) = 164
serial.read(*(1,), **{}) = b'n'
serial.inWaiting(*(), **{}) = 163
serial.read(*(1,), **{}) = b't'
serial.inWaiting(*(), **{}) = 162
serial.read(*(1,), **{}) = b'e'
serial.inWaiting(*(), **{}) = 161
serial.read(*(1,), **{}) = b'r'
serial.inWaiting(*(), **{}) = 160
serial.read(*(1,), **{}) = b' '
serial.inWaiting(*(), **{}) = 159
serial.read(*(1,), **{}) = b'R'
serial.inWaiting(*(), **{}) = 158
serial.read(*(1,), **{}) = b'E'
serial.inWaiting(*(), **{}) = 157
serial.read(*(1,), **{}) = b'P'
serial.inWaiting(*(), **{}) = 156
serial.read(*(1,), **{}) = b'L'
serial.inWaiting(*(), **{}) = 155
serial.read(*(1,), **{}) = b' '
serial.inWaiting(*(), **{}) = 154
serial.read(*(1,), **{}) = b't'
serial.inWaiting(*(), **{}) = 153
serial.read(*(1,), **{}) = b'o'
serial.inWaiting(*(), **{}) = 152
serial.read(*(1,), **{}) = b' '
serial.inWaiting(*(), **{}) = 151
serial.read(*(1,), **{}) = b'd'
serial.inWaiting(*(), **{}) = 150
serial.read(*(1,), **{}) = b'i'
serial.inWaiting(*(), **{}) = 149
serial.read(*(1,), **{}) = b's'
serial.inWaiting(*(), **{}) = 148
serial.read(*(1,), **{}) = b'a'
serial.inWaiting(*(), **{}) = 147
serial.read(*(1,), **{}) = b'b'
serial.inWaiting(*(), **{}) = 146
serial.read(*(1,), **{}) = b'l'
serial.inWaiting(*(), **{}) = 145
serial.read(*(1,), **{}) = b'e'
serial.inWaiting(*(), **{}) = 144
serial.read(*(1,), **{}) = b'.'
serial.inWaiting(*(), **{}) = 143
serial.read(*(1,), **{}) = b'\r'
serial.inWaiting(*(), **{}) = 142
serial.read(*(1,), **{}) = b'\n'
serial.inWaiting(*(), **{}) = 141
serial.read(*(1,), **{}) = b'c'
serial.inWaiting(*(), **{}) = 140
serial.read(*(1,), **{}) = b'o'
serial.inWaiting(*(), **{}) = 139
serial.read(*(1,), **{}) = b'd'
serial.inWaiting(*(), **{}) = 138
serial.read(*(1,), **{}) = b'e'
serial.inWaiting(*(), **{}) = 137
serial.read(*(1,), **{}) = b'.'
serial.inWaiting(*(), **{}) = 136
serial.read(*(1,), **{}) = b'p'
serial.inWaiting(*(), **{}) = 135
serial.read(*(1,), **{}) = b'y'
serial.inWaiting(*(), **{}) = 134
serial.read(*(1,), **{}) = b' '
serial.inWaiting(*(), **{}) = 133
serial.read(*(1,), **{}) = b'o'
serial.inWaiting(*(), **{}) = 132
serial.read(*(1,), **{}) = b'u'
serial.inWaiting(*(), **{}) = 131
serial.read(*(1,), **{}) = b't'
serial.inWaiting(*(), **{}) = 130
serial.read(*(1,), **{}) = b'p'
serial.inWaiting(*(), **{}) = 129
serial.read(*(1,), **{}) = b'u'
serial.inWaiting(*(), **{}) = 128
serial.read(*(1,), **{}) = b't'
serial.inWaiting(*(), **{}) = 127
serial.read(*(1,), **{}) = b':'
serial.inWaiting(*(), **{}) = 126
serial.read(*(1,), **{}) = b'\r'
serial.inWaiting(*(), **{}) = 125
serial.read(*(1,), **{}) = b'\n'
serial.inWaiting(*(), **{}) = 124
serial.read(*(1,), **{}) = b'T'
serial.inWaiting(*(), **{}) = 123
serial.read(*(1,), **{}) = b'r'
serial.inWaiting(*(), **{}) = 122
serial.read(*(1,), **{}) = b'a'
serial.inWaiting(*(), **{}) = 121
serial.read(*(1,), **{}) = b'c'
serial.inWaiting(*(), **{}) = 120
serial.read(*(1,), **{}) = b'e'
serial.inWaiting(*(), **{}) = 119
serial.read(*(1,), **{}) = b'b'
serial.inWaiting(*(), **{}) = 118
serial.read(*(1,), **{}) = b'a'
serial.inWaiting(*(), **{}) = 117
serial.read(*(1,), **{}) = b'c'
serial.inWaiting(*(), **{}) = 116
serial.read(*(1,), **{}) = b'k'
serial.inWaiting(*(), **{}) = 115
serial.read(*(1,), **{}) = b' '
serial.inWaiting(*(), **{}) = 114
serial.read(*(1,), **{}) = b'('
serial.inWaiting(*(), **{}) = 113
serial.read(*(1,), **{}) = b'm'
serial.inWaiting(*(), **{}) = 112
serial.read(*(1,), **{}) = b'o'
serial.inWaiting(*(), **{}) = 111
serial.read(*(1,), **{}) = b's'
serial.inWaiting(*(), **{}) = 110
serial.read(*(1,), **{}) = b't'
serial.inWaiting(*(), **{}) = 109
serial.read(*(1,), **{}) = b' '
serial.inWaiting(*(), **{}) = 108
serial.read(*(1,), **{}) = b'r'
serial.inWaiting(*(), **{}) = 107
serial.read(*(1,), **{}) = b'e'
serial.inWaiting(*(), **{}) = 106
serial.read(*(1,), **{}) = b'c'
serial.inWaiting(*(), **{}) = 105
serial.read(*(1,), **{}) = b'e'
serial.inWaiting(*(), **{}) = 104
serial.read(*(1,), **{}) = b'n'
serial.inWaiting(*(), **{}) = 103
serial.read(*(1,), **{}) = b't'
serial.inWaiting(*(), **{}) = 102
serial.read(*(1,), **{}) = b' '
serial.inWaiting(*(), **{}) = 101
serial.read(*(1,), **{}) = b'c'
serial.inWaiting(*(), **{}) = 100
serial.read(*(1,), **{}) = b'a'
serial.inWaiting(*(), **{}) = 99
serial.read(*(1,), **{}) = b'l'
serial.inWaiting(*(), **{}) = 98
serial.read(*(1,), **{}) = b'l'
serial.inWaiting(*(), **{}) = 97
serial.read(*(1,), **{}) = b' '
serial.inWaiting(*(), **{}) = 96
serial.read(*(1,), **{}) = b'l'
serial.inWaiting(*(), **{}) = 95
serial.read(*(1,), **{}) = b'a'
serial.inWaiting(*(), **{}) = 94
serial.read(*(1,), **{}) = b's'
serial.inWaiting(*(), **{}) = 93
serial.read(*(1,), **{}) = b't'
serial.inWaiting(*(), **{}) = 92
serial.read(*(1,), **{}) = b')'
serial.inWaiting(*(), **{}) = 91
serial.read(*(1,), **{}) = b':'
serial.inWaiting(*(), **{}) = 90
serial.read(*(1,), **{}) = b'\r'
serial.inWaiting(*(), **{}) = 89
serial.read(*(1,), **{}) = b'\n'
serial.inWaiting(*(), **{}) = 88
serial.read(*(1,), **{}) = b' '
serial.inWaiting(*(), **{}) = 87
serial.read(*(1,), **{}) = b' '
serial.inWaiting(*(), **{}) = 86
serial.read(*(1,), **{}) = b'F'
serial.inWaiting(*(), **{}) = 85
serial.read(*(1,), **{}) = b'i'
serial.inWaiting(*(), **{}) = 84
serial.read(*(1,), **{}) = b'l'
serial.inWaiting(*(), **{}) = 83
serial.read(*(1,), **{}) = b'e'
serial.inWaiting(*(), **{}) = 82
serial.read(*(1,), **{}) = b' '
serial.inWaiting(*(), **{}) = 81
serial.read(*(1,), **{}) = b'"'
serial.inWaiting(*(), **{}) = 80
serial.read(*(1,), **{}) = b'c'
serial.inWaiting(*(), **{}) = 79
serial.read(*(1,), **{}) = b'o'
serial.inWaiting(*(), **{}) = 78
serial.read(*(1,), **{}) = b'd'
serial.inWaiting(*(), **{}) = 77
serial.read(*(1,), **{}) = b'e'
serial.inWaiting(*(), **{}) = 76
serial.read(*(1,), **{}) = b'.'
serial.inWaiting(*(), **{}) = 75
serial.read(*(1,), **{}) = b'p'
serial.inWaiting(*(), **{}) = 74
serial.read(*(1,), **{}) = b'y'
serial.inWaiting(*(), **{}) = 73
serial.read(*(1,), **{}) = b'"'
serial.inWaiting(*(), **{}) = 72
serial.read(*(1,), **{}) = b','
serial.inWaiting(*(), **{}) = 71
serial.read(*(1,), **{}) = b' '
serial.inWaiting(*(), **{}) = 70
serial.read(*(1,), **{}) = b'l'
serial.inWaiting(*(), **{}) = 69
serial.read(*(1,), **{}) = b'i'
serial.inWaiting(*(), **{}) = 68
serial.read(*(1,), **{}) = b'n'
serial.inWaiting(*(), **{}) = 67
serial.read(*(1,), **{}) = b'e'
serial.inWaiting(*(), **{}) = 66
serial.read(*(1,), **{}) = b' '
serial.inWaiting(*(), **{}) = 65
serial.read(*(1,), **{}) = b'1'
serial.inWaiting(*(), **{}) = 64
serial.read(*(1,), **{}) = b'0'
serial.inWaiting(*(), **{}) = 63
serial.read(*(1,), **{}) = b','
serial.inWaiting(*(), **{}) = 62
serial.read(*(1,), **{}) = b' '
serial.inWaiting(*(), **{}) = 61
serial.read(*(1,), **{}) = b'i'
serial.inWaiting(*(), **{}) = 60
serial.read(*(1,), **{}) = b'n'
serial.inWaiting(*(), **{}) = 59
serial.read(*(1,), **{}) = b' '
serial.inWaiting(*(), **{}) = 58
serial.read(*(1,), **{}) = b'<'
serial.inWaiting(*(), **{}) = 57
serial.read(*(1,), **{}) = b'm'
serial.inWaiting(*(), **{}) = 56
serial.read(*(1,), **{}) = b'o'
serial.inWaiting(*(), **{}) = 55
serial.read(*(1,), **{}) = b'd'
serial.inWaiting(*(), **{}) = 54
serial.read(*(1,), **{}) = b'u'
serial.inWaiting(*(), **{}) = 53
serial.read(*(1,), **{}) = b'l'
serial.inWaiting(*(), **{}) = 52
serial.read(*(1,), **{}) = b'e'
serial.inWaiting(*(), **{}) = 51
serial.read(*(1,), **{}) = b'>'
serial.inWaiting(*(), **{}) = 50
serial.read(*(1,), **{}) = b'\r'
serial.inWaiting(*(), **{}) = 49
serial.read(*(1,), **{}) = b'\n'
serial.inWaiting(*(), **{}) = 48
serial.read(*(1,), **{}) = b'K'
serial.inWaiting(*(), **{}) = 47
serial.read(*(1,), **{}) = b'e'
serial.inWaiting(*(), **{}) = 46
serial.read(*(1,), **{}) = b'y'
serial.inWaiting(*(), **{}) = 45
serial.read(*(1,), **{}) = b'b'
serial.inWaiting(*(), **{}) = 44
serial.read(*(1,), **{}) = b'o'
serial.inWaiting(*(), **{}) = 43
serial.read(*(1,), **{}) = b'a'
serial.inWaiting(*(), **{}) = 42
serial.read(*(1,), **{}) = b'r'
serial.inWaiting(*(), **{}) = 41
serial.read(*(1,), **{}) = b'd'
serial.inWaiting(*(), **{}) = 40
serial.read(*(1,), **{}) = b'I'
serial.inWaiting(*(), **{}) = 39
serial.read(*(1,), **{}) = b'n'
serial.inWaiting(*(), **{}) = 38
serial.read(*(1,), **{}) = b't'
serial.inWaiting(*(), **{}) = 37
serial.read(*(1,), **{}) = b'e'
serial.inWaiting(*(), **{}) = 36
serial.read(*(1,), **{}) = b'r'
serial.inWaiting(*(), **{}) = 35
serial.read(*(1,), **{}) = b'r'
serial.inWaiting(*(), **{}) = 34
serial.read(*(1,), **{}) = b'u'
serial.inWaiting(*(), **{}) = 33
serial.read(*(1,), **{}) = b'p'
serial.inWaiting(*(), **{}) = 32
serial.read(*(1,), **{}) = b't'
serial.inWaiting(*(), **{}) = 31
serial.read(*(1,), **{}) = b':'
serial.inWaiting(*(), **{}) = 30
serial.read(*(1,), **{}) = b' '
serial.inWaiting(*(), **{}) = 29
serial.read(*(1,), **{}) = b'\r'
serial.inWaiting(*(), **{}) = 28
serial.read(*(1,), **{}) = b'\n'
serial.inWaiting(*(), **{}) = 27
serial.read(*(1,), **{}) = b'r'
serial.inWaiting(*(), **{}) = 26
serial.read(*(1,), **{}) = b'a'
serial.inWaiting(*(), **{}) = 25
serial.read(*(1,), **{}) = b'w'
serial.inWaiting(*(), **{}) = 24
serial.read(*(1,), **{}) = b' '
serial.inWaiting(*(), **{}) = 23
serial.read(*(1,), **{}) = b'R'
serial.inWaiting(*(), **{}) = 22
serial.read(*(1,), **{}) = b'E'
serial.inWaiting(*(), **{}) = 21
serial.read(*(1,), **{}) = b'P'
serial.inWaiting(*(), **{}) = 20
serial.read(*(1,), **{}) = b'L'
serial.inWaiting(*(), **{}) = 19
serial.read(*(1,), **{}) = b';'
serial.inWaiting(*(), **{}) = 18
serial.read(*(1,), **{}) = b' '
serial.inWaiting(*(), **{}) = 17
serial.read(*(1,), **{}) = b'C'
serial.inWaiting(*(), **{}) = 16
serial.read(*(1,), **{}) = b'T'
serial.inWaiting(*(), **{}) = 15
serial.read(*(1,), **{}) = b'R'
serial.inWaiting(*(), **{}) = 14
serial.read(*(1,), **{}) = b'L'
serial.inWaiting(*(), **{}) = 13
serial.read(*(1,), **{}) = b'-'
serial.inWaiting(*(), **{}) = 12
serial.read(*(1,), **{}) = b'B'
serial.inWaiting(*(), **{}) = 11
serial.read(*(1,), **{}) = b' '
serial.inWaiting(*(), **{}) = 10
serial.read(*(1,), **{}) = b't'
serial.inWaiting(*(), **{}) = 9
serial.read(*(1,), **{}) = b'o'
serial.inWaiting(*(), **{}) = 8
serial.read(*(1,), **{}) = b' '
serial.inWaiting(*(), **{}) = 7
serial.read(*(1,), **{}) = b'e'
serial.inWaiting(*(), **{}) = 6
serial.read(*(1,), **{}) = b'x'
serial.inWaiting(*(), **{}) = 5
serial.read(*(1,), **{}) = b'i'
serial.inWaiting(*(), **{}) = 4
serial.read(*(1,), **{}) = b't'
serial.inWaiting(*(), **{}) = 3
serial.read(*(1,), **{}) = b'\r'
serial.inWaiting(*(), **{}) = 2
serial.read(*(1,), **{}) = b'\n'
serial.read(*(1,), **{}) = b'>'
serial.write(*(b'import analogio\n\nprint(dir(analogio))\n',), **{}) = 38
serial.write(*(b'\x04',), **{}) = 1
serial.read(*(2,), **{}) = b'OK'
serial.read(*(1,), **{}) = b'['
serial.inWaiting(*(), **{}) = 1
serial.read(*(1,), **{}) = b"'"
serial.inWaiting(*(), **{}) = 0
serial.inWaiting(*(), **{}) = 13
serial.read(*(1,), **{}) = b'_'
serial.inWaiting(*(), **{}) = 12
serial.read(*(1,), **{}) = b'_'
serial.inWaiting(*(), **{}) = 13
serial.read(*(1,), **{}) = b'n'
serial.inWaiting(*(), **{}) = 12
serial.read(*(1,), **{}) = b'a'
serial.inWaiting(*(), **{}) = 11
serial.read(*(1,), **{}) = b'm'
serial.inWaiting(*(), **{}) = 10
serial.read(*(1,), **{}) = b'e'
serial.inWaiting(*(), **{}) = 9
serial.read(*(1,), **{}) = b'_'
serial.inWaiting(*(), **{}) = 8
serial.read(*(1,), **{}) = b'_'
serial.inWaiting(*(), **{}) = 8
serial.read(*(1,), **{}) = b"'"
serial.inWaiting(*(), **{}) = 7
serial.read(*(1,), **{}) = b','
serial.inWaiting(*(), **{}) = 6
serial.read(*(1,), **{}) = b' '
serial.inWaiting(*(), **{}) = 5
serial.read(*(1,), **{}) = b"'"
serial.inWaiting(*(), **{}) = 4
serial.read(*(1,), **{}) = b'A'
serial.inWaiting(*(), **{}) = 4
serial.read(*(1,), **{}) = b'n'
serial.inWaiting(*(), **{}) = 3
serial.read(*(1,), **{}) = b'a'
serial.inWaiting(*(), **{}) = 2
serial.read(*(1,), **{}) = b'l'
serial.inWaiting(*(), **{}) = 1
serial.read(*(1,), **{}) = b'o'
serial.inWaiting(*(), **{}) = 0
serial.inWaiting(*(), **{}) = 13
serial.read(*(1,), **{}) = b'g'
serial.inWaiting(*(), **{}) = 13
serial.read(*(1,), **{}) = b'I'
serial.inWaiting(*(), **{}) = 12
serial.read(*(1,), **{}) = b'n'
serial.inWaiting(*(), **{}) = 11
serial.read(*(1,), **{}) = b"'"
serial.inWaiting(*(), **{}) = 10
serial.read(*(1,), **{}) = b','
serial.inWaiting(*(), **{}) = 9
serial.read(*(1,), **{}) = b' '
serial.inWaiting(*(), **{}) = 8
serial.read(*(1,), **{}) = b"'"
serial.inWaiting(*(), **{}) = 7
serial.read(*(1,), **{}) = b'A'
serial.inWaiting(*(), **{}) = 6
serial.read(*(1,), **{}) = b'n'
serial.inWaiting(*(), **{}) = 5
serial.read(*(1,), **{}) = b'a'
serial.inWaiting(*(), **{}) = 4
serial.read(*(1,), **{}) = b'l'
serial.inWaiting(*(), **{}) = 4
serial.read(*(1,), **{}) = b'o'
serial.inWaiting(*(), **{}) = 3
serial.read(*(1,), **{}) = b'g'
serial.inWaiting(*(), **{}) = 2
serial.read(*(1,), **{}) = b'O'
serial.inWaiting(*(), **{}) = 1
serial.read(*(1,), **{}) = b'u'
serial.inWaiting(*(), **{}) = 0
serial.inWaiting(*(), **{}) = 8
serial.read(*(1,), **{}) = b't'
serial.inWaiting(*(), **{}) = 7
serial.read(*(1,), **{}) = b"'"
serial.inWaiting(*(), **{}) = 6
serial.read(*(1,), **{}) = b']'
serial.inWaiting(*(), **{}) = 5
serial.read(*(1,), **{}) = b'\r'
serial.inWaiting(*(), **{}) = 4
serial.read(*(1,), **{}) = b'\n'
serial.inWaiting(*(), **{}) = 3
serial.read(*(1,), **{}) = b'\x04'
serial.read(*(1,), **{}) = b'\x04'
serial.read(*(1,), **{}) = b'>'
serial.write(*(b'import analogio\n\nprint(dir(analogio))\n',), **{}) = 38
serial.write(*(b'\x04',), **{}) = 1
serial.read(*(2,), **{}) = b'OK'
serial.read(*(1,), **{}) = b'['
serial.inWaiting(*(), **{}) = 1
serial.read(*(1,), **{}) = b"'"
serial.inWaiting(*(), **{}) = 0
serial.inWaiting(*(), **{}) = 10
serial.read(*(1,), **{}) = b'_'
serial.inWaiting(*(), **{}) = 9
serial.read(*(1,), **{}) = b'_'
serial.inWaiting(*(), **{}) = 8
serial.read(*(1,), **{}) = b'n'
serial.inWaiting(*(), **{}) = 8
serial.read(*(1,), **{}) = b'a'
serial.inWaiting(*(), **{}) = 7
serial.read(*(1,), **{}) = b'm'
serial.inWaiting(*(), **{}) = 6
serial.read(*(1,), **{}) = b'e'
serial.inWaiting(*(), **{}) = 5
serial.read(*(1,), **{}) = b'_'
serial.inWaiting(*(), **{}) = 4
serial.read(*(1,), **{}) = b'_'
serial.inWaiting(*(), **{}) = 3
serial.read(*(1,), **{}) = b"'"
serial.inWaiting(*(), **{}) = 2
serial.read(*(1,), **{}) = b','
serial.inWaiting(*(), **{}) = 1
serial.read(*(1,), **{}) = b' '
serial.inWaiting(*(), **{}) = 0
serial.inWaiting(*(), **{}) = 10
serial.read(*(1,), **{}) = b"'"
serial.inWaiting(*(), **{}) = 9
serial.read(*(1,), **{}) = b'A'
serial.inWaiting(*(), **{}) = 8
serial.read(*(1,), **{}) = b'n'
serial.inWaiting(*(), **{}) = 7
serial.read(*(1,), **{}) = b'a'
serial.inWaiting(*(), **{}) = 8
serial.read(*(1,), **{}) = b'l'
serial.inWaiting(*(), **{}) = 8
serial.read(*(1,), **{}) = b'o'
serial.inWaiting(*(), **{}) = 7
serial.read(*(1,), **{}) = b'g'
serial.inWaiting(*(), **{}) = 6
serial.read(*(1,), **{}) = b'I'
serial.inWaiting(*(), **{}) = 5
serial.read(*(1,), **{}) = b'n'
serial.inWaiting(*(), **{}) = 4
serial.read(*(1,), **{}) = b"'"
serial.inWaiting(*(), **{}) = 3
serial.read(*(1,), **{}) = b','
serial.inWaiting(*(), **{}) = 3
serial.read(*(1,), **{}) = b' '
serial.inWaiting(*(), **{}) = 2
serial.read(*(1,), **{}) = b"'"
serial.inWaiting(*(), **{}) = 1
serial.read(*(1,), **{}) = b'A'
serial.inWaiting(*(), **{}) = 0
serial.inWaiting(*(), **{}) = 15
serial.read(*(1,), **{}) = b'n'
serial.inWaiting(*(), **{}) = 14
serial.read(*(1,), **{}) = b'a'
serial.inWaiting(*(), **{}) = 13
serial.read(*(1,), **{}) = b'l'
serial.inWaiting(*(), **{}) = 12
serial.read(*(1,), **{}) = b'o'
serial.inWaiting(*(), **{}) = 11
serial.read(*(1,), **{}) = b'g'
serial.inWaiting(*(), **{}) = 10
serial.read(*(1,), **{}) = b'O'
serial.inWaiting(*(), **{}) = 9
serial.read(*(1,), **{}) = b'u'
serial.inWaiting(*(), **{}) = 8
serial.read(*(1,), **{}) = b't'
serial.inWaiting(*(), **{}) = 7
serial.read(*(1,), **{}) = b"'"
serial.inWaiting(*(), **{}) = 6
serial.read(*(1,), **{}) = b']'
serial.inWaiting(*(), **{}) = 5
serial.read(*(1,), **{}) = b'\r'
serial.inWaiting(*(), **{}) = 4
serial.read(*(1,), **{}) = b'\n'
serial.inWaiting(*(), **{}) = 3
serial.read(*(1,), **{}) = b'\x04'
serial.read(*(1,), **{}) = b'\x04'
serial.write(*(b'\r\x02',), **{}) = 2
