{((1000, (1, 1, 1, 1, 1, 1, 1, 1, 1, 2)),
  (1000, (5, 5, 5, 5, 5, 5, 5, 5, 5, 5)))}
{((998, (1, 1, 1, 1, 1, 1, 1, 1, 1)),
  (1002, (5, 5, 5, 5, 5, 5, 5, 5, 5, 5, 2))),
 ((999, (1, 1, 1, 1, 1, 1, 1, 1, 2)),
  (1001, (5, 5, 5, 5, 5, 5, 5, 5, 5, 5, 1)))}
{((1000, (1, 1, 1, 1, 1, 1, 1, 1, 1, 2)),
  (1000, (5, 5, 5, 5, 5, 5, 5, 5, 5, 5))),
 ((1000, (1, 1, 1, 1, 1, 1, 1, 1, 2, 1)),
  (1000, (5, 5, 5, 5, 5, 5, 5, 5, 5, 5))),
 ((1003, (1, 1, 1, 1, 1, 1, 1, 1, 1, 5)),
  (997, (5, 5, 5, 5, 5, 5, 5, 5, 5, 2))),
 ((1004, (1, 1, 1, 1, 1, 1, 1, 1, 2, 5)),
  (996, (5, 5, 5, 5, 5, 5, 5, 5, 5, 1)))}
{((998, (1, 1, 1, 1, 1, 1, 1, 1, 1)),
  (1002, (5, 5, 5, 5, 5, 5, 5, 5, 5, 2, 5))),
 ((998, (1, 1, 1, 1, 1, 1, 1, 1, 1)),
  (1002, (5, 5, 5, 5, 5, 5, 5, 5, 5, 5, 2))),
 ((999, (1, 1, 1, 1, 1, 1, 1, 1, 2)),
  (1001, (5, 5, 5, 5, 5, 5, 5, 5, 5, 1, 5))),
 ((999, (1, 1, 1, 1, 1, 1, 1, 1, 2)),
  (1001, (5, 5, 5, 5, 5, 5, 5, 5, 5, 5, 1))),
 ((999, (1, 1, 1, 1, 1, 1, 1, 2, 1)),
  (1001, (5, 5, 5, 5, 5, 5, 5, 5, 5, 5, 1))),
 ((1002, (1, 1, 1, 1, 1, 1, 1, 1, 5)),
  (998, (5, 5, 5, 5, 5, 5, 5, 5, 5, 1, 2))),
 ((1002, (1, 1, 1, 1, 1, 1, 1, 1, 5)),
  (998, (5, 5, 5, 5, 5, 5, 5, 5, 5, 2, 1))),
 ((1003, (1, 1, 1, 1, 1, 1, 1, 2, 5)),
  (997, (5, 5, 5, 5, 5, 5, 5, 5, 5, 1, 1)))}
5
